<?xml version="1.0" encoding="UTF-8"?>
<!-- Generated by org.testng.reporters.JUnitReportReporter -->
<testsuite hostname="User-PC" name="com.sears.flipkart.Tests.HeaderTest" tests="7" failures="0" timestamp="24 Jan 2016 09:57:03 GMT" time="61.904" errors="0">
  <testcase name="verifySellPage" time="32.251" classname="com.sears.flipkart.Tests.HeaderTest"/>
  <testcase name="verifySearchProduct" time="4.690" classname="com.sears.flipkart.Tests.HeaderTest"/>
  <testcase name="verifySearchProduct" time="0.811" classname="com.sears.flipkart.Tests.HeaderTest"/>
  <testcase name="verifySearchProduct" time="4.900" classname="com.sears.flipkart.Tests.HeaderTest"/>
  <testcase name="verifySearchProduct" time="5.084" classname="com.sears.flipkart.Tests.HeaderTest"/>
  <testcase name="get" time="0.002" classname="com.sears.flipkart.Tests.HeaderTest"/>
  <testcase name="verifySearchProduct" time="14.166" classname="com.sears.flipkart.Tests.HeaderTest"/>
</testsuite>
